[2017-01-03 21:24:18,890] INFO     < 1532: 1624> New process.. 
[2017-01-03 21:24:19,108] INFO     < 1532: 1624> Load DLL \WINDOWS\system32\ntdll.dll
[2017-01-03 21:24:19,233] INFO     < 1532: 1624> Load DLL \WINDOWS\system32\kernel32.dll
[2017-01-03 21:24:19,312] INFO     < 1532: 1624> Load DLL \WINDOWS\system32\user32.dll
[2017-01-03 21:24:19,358] INFO     < 1532: 1624> Load DLL \WINDOWS\system32\gdi32.dll
[2017-01-03 21:24:19,405] INFO     < 1532: 1624> Load DLL \WINDOWS\system32\ole32.dll
[2017-01-03 21:24:19,467] INFO     < 1532: 1624> Load DLL \WINDOWS\system32\advapi32.dll
[2017-01-03 21:24:19,515] INFO     < 1532: 1624> Load DLL \WINDOWS\system32\rpcrt4.dll
[2017-01-03 21:24:19,562] INFO     < 1532: 1624> Load DLL \WINDOWS\system32\secur32.dll
[2017-01-03 21:24:19,625] INFO     < 1532: 1624> Load DLL \WINDOWS\system32\msvcrt.dll
[2017-01-03 21:24:19,937] INFO     < 1532: 1624> Load DLL \WINDOWS\system32\oleaut32.dll
[2017-01-03 21:24:20,203] INFO     < 1532: 1624> Load DLL \WINDOWS\system32\shell32.dll
[2017-01-03 21:24:20,265] INFO     < 1532: 1624> Load DLL \WINDOWS\system32\shlwapi.dll
[2017-01-03 21:24:20,328] INFO     < 1532: 1624> Load DLL \WINDOWS\WinSxS\x86_Microsoft.Windows.Common-Controls_6595b64144ccf1df_6.0.2600.5512_x-ww_35d4ce83\comctl32.dll
[2017-01-03 21:24:20,405] INFO     < 1532: 1624> Load DLL \WINDOWS\system32\ws2_32.dll
[2017-01-03 21:24:20,467] INFO     < 1532: 1624> Load DLL \WINDOWS\system32\ws2help.dll
[2017-01-03 21:24:20,671] INFO     < 1532: 1624> Load DLL \WINDOWS\system32\rasapi32.dll
[2017-01-03 21:24:20,875] INFO     < 1532: 1624> Load DLL \WINDOWS\system32\rasman.dll
[2017-01-03 21:24:21,062] INFO     < 1532: 1624> Load DLL \WINDOWS\system32\netapi32.dll
[2017-01-03 21:24:21,280] INFO     < 1532: 1624> Load DLL \WINDOWS\system32\tapi32.dll
[2017-01-03 21:24:21,500] INFO     < 1532: 1624> Load DLL \WINDOWS\system32\rtutils.dll
[2017-01-03 21:24:21,671] INFO     < 1532: 1624> Load DLL \WINDOWS\system32\winmm.dll
[2017-01-03 21:24:21,921] INFO     < 1532: 1624> Load DLL \WINDOWS\WinSxS\x86_Microsoft.Windows.GdiPlus_6595b64144ccf1df_1.0.2600.5512_x-ww_dfb54e0c\GdiPlus.dll
[2017-01-03 21:24:22,203] INFO     < 1532: 1624> Load DLL \WINDOWS\system32\imm32.dll
[2017-01-03 21:24:22,250] DEBUG    Pydbg breakpoint hits!
[2017-01-03 21:24:22,280] DEBUG    < 1532: 1624> [*] Pydbg first point at 0x7c92120f, HookPoints init...
[2017-01-03 21:24:22,375] ERROR    [!] Fail to hook winhttp.dll.WinHttpOpen()[0x4a41963e]: Failed setting breakpoint at 4a41963e
[2017-01-03 21:24:22,453] ERROR    [!] Fail to hook winhttp.dll.WinHttpConnect()[0x4a4199a5]: Failed setting breakpoint at 4a4199a5
[2017-01-03 21:24:22,500] ERROR    [!] Fail to hook winhttp.dll.WinHttpOpenRequest()[0x4a4337cc]: Failed setting breakpoint at 4a4337cc
[2017-01-03 21:24:22,546] ERROR    [!] Fail to hook winhttp.dll.WinHttpSendRequest()[0x4a420281]: Failed setting breakpoint at 4a420281
[2017-01-03 21:24:22,655] DEBUG    23 functions, 18 hook success.
[2017-01-03 21:24:22,828] INFO     < 1532: 1624> Load DLL \WINDOWS\system32\lpk.dll
[2017-01-03 21:24:23,015] INFO     < 1532: 1624> Load DLL \WINDOWS\system32\usp10.dll
[2017-01-03 21:24:24,155] INFO     < 1532: 1624> Register Open Key: 0x7c =  HKEY_CURRENT_USER\Software\Microsoft\Windows\CurrentVersion\Explorer\CLSID\{0D5AF2B5-F3AE-4fb4-A7F9-0DC68E21E8B4}\VersionIndependentProgID 
[2017-01-03 21:24:24,671] INFO     < 1532: 1624> Load DLL \WINDOWS\system32\rsaenh.dll
[2017-01-03 21:24:26,078] INFO     < 1532: 1624> Register query Key 18809FD5FC5BF3DEE8E752EB51ABA778 = [truncated at 1024 bytes..]
[2017-01-03 21:24:26,405] INFO     < 1532: 1624> Load DLL \WINDOWS\system32\userenv.dll
[2017-01-03 21:24:27,530] INFO     < 1532: 1624> Register Open Key: 0x80 =  HKEY_CURRENT_USER\Software\Microsoft\Windows\CurrentVersion\Explorer\CLSID\{0D5AF2B5-F3AE-4fb4-A7F9-0DC68E21E8B4}\VersionIndependentProgID 
[2017-01-03 21:24:29,625] ERROR    Exception You must not use 8-bit bytestrings unless you use a text_factory that can interpret 8-bit bytestrings (like text_factory = str). It is highly recommended that you instead just switch your application to Unicode strings. in exit_hook of Advapi32.dll.RegQueryValueExA()[0x77da7aab]:
 Traceback (most recent call last):
  File "C:\Documents and Settings\Administrator\....\source code\source code\Re\src\hook_context.py", line 253, in on_exit
    self.func.exit_hook(self, dbg)
  File "C:\Documents and Settings\Administrator\....\source code\source code\Re\src\hook_manager.py", line 676, in RegQueryValueEx_exit_hook
    info.save()
  File "C:\Documents and Settings\Administrator\....\source code\source code\Re\src\info.py", line 52, in save
    data_man.update(self.category,data,self.detail_info())
  File "C:\Documents and Settings\Administrator\....\source code\source code\Re\src\database.py", line 53, in update
    c.execute("insert Into info values (?,?,?,?,?,?,?)",data)
Programmi[truncate at 1000 bytes..]
[2017-01-03 21:24:30,640] INFO     < 1532: 1624> Create file C:\DOCUME~1\ADMINI~1\LOCALS~1\Temp\15c51466c1e193ee81662d0a4a72dcb5.log
[2017-01-03 21:24:31,453] INFO     < 1532: 1624> Load DLL \WINDOWS\system32\MSCTF.dll
[2017-01-03 21:24:32,655] INFO     < 1532: 1624> Create file C:\\15c51466c1e193ee81662d0a4a72dcb5.exe
[2017-01-03 21:24:33,750] ERROR    Exception 'utf8' codec can't decode byte 0x90 in position 2: invalid start byte in exit_hook of kernel32.dll.ReadFile()[0x7c801812]:
 Traceback (most recent call last):
  File "C:\Documents and Settings\Administrator\....\source code\source code\Re\src\hook_context.py", line 253, in on_exit
    self.func.exit_hook(self, dbg)
  File "C:\Documents and Settings\Administrator\....\source code\source code\Re\src\hook_manager.py", line 456, in ReadFile_exit_hook
    info.save()
  File "C:\Documents and Settings\Administrator\....\source code\source code\Re\src\info.py", line 52, in save
    data_man.update(self.category,data,self.detail_info())
  File "C:\Documents and Settings\Administrator\....\source code\source code\Re\src\hook_manager.py", line 447, in detail_info
    return [unicode(self.data, "utf-8"),int(self.size)]
UnicodeDecodeError: 'utf8' codec can't decode byte 0x90 in position 2: invalid start byte

[2017-01-03 21:24:36,108] INFO     < 1532: 1624> Read file 3072 bytes: 
[2017-01-03 21:24:38,875] INFO     < 1532: 1624> Register query Key {0D5AF2B5-F3AE-4fb4-A7F9-0DC68E21E8B4} = .......|.....L..i..|...|......|........l...x..g.KX..t.N.......%R...1...B;%R........E.$R.....$R../.E..$R;MainWndTitle=.:R..%R0..fD@
[2017-01-03 21:24:40,780] INFO     < 1532: 1624> Register query Key {0D5AF2B5-F3AE-4fb4-A7F9-0DC68E21E8B4} = .......|.....L..i..|...|......|........l...x..g.KX..t.N.......%R...1...B;%R........E.$R.....$R../.E..$R;MainWndTitle=.:R..%R0..fD@
[2017-01-03 21:24:41,890] INFO     < 1532: 1624> Create file C:\Documents and Settings\Administrator\Local Settings\Application Data\15c51466c1e193ee81662d0a4a72dcb5\15c51466c1e193ee81662d0a4a72dcb5.exe
[2017-01-03 21:24:43,796] ERROR    Exception 'utf8' codec can't decode byte 0x90 in position 2: invalid start byte in exit_hook of kernel32.dll.ReadFile()[0x7c801812]:
 Traceback (most recent call last):
  File "C:\Documents and Settings\Administrator\....\source code\source code\Re\src\hook_context.py", line 253, in on_exit
    self.func.exit_hook(self, dbg)
  File "C:\Documents and Settings\Administrator\....\source code\source code\Re\src\hook_manager.py", line 456, in ReadFile_exit_hook
    info.save()
  File "C:\Documents and Settings\Administrator\....\source code\source code\Re\src\info.py", line 52, in save
    data_man.update(self.category,data,self.detail_info())
  File "C:\Documents and Settings\Administrator\....\source code\source code\Re\src\hook_manager.py", line 447, in detail_info
    return [unicode(self.data, "utf-8"),int(self.size)]
UnicodeDecodeError: 'utf8' codec can't decode byte 0x90 in position 2: invalid start byte

[2017-01-03 21:24:46,155] INFO     < 1532: 1624> Read file 3072 bytes: 
[2017-01-03 21:24:48,655] INFO     < 1532: 1624> Create file C:\15c51466c1e193ee81662d0a4a72dcb5.exe
[2017-01-03 21:24:51,467] ERROR    Exception 'utf8' codec can't decode byte 0x90 in position 2: invalid start byte in exit_hook of kernel32.dll.ReadFile()[0x7c801812]:
 Traceback (most recent call last):
  File "C:\Documents and Settings\Administrator\....\source code\source code\Re\src\hook_context.py", line 253, in on_exit
    self.func.exit_hook(self, dbg)
  File "C:\Documents and Settings\Administrator\....\source code\source code\Re\src\hook_manager.py", line 456, in ReadFile_exit_hook
    info.save()
  File "C:\Documents and Settings\Administrator\....\source code\source code\Re\src\info.py", line 52, in save
    data_man.update(self.category,data,self.detail_info())
  File "C:\Documents and Settings\Administrator\....\source code\source code\Re\src\hook_manager.py", line 447, in detail_info
    return [unicode(self.data, "utf-8"),int(self.size)]
UnicodeDecodeError: 'utf8' codec can't decode byte 0x90 in position 2: invalid start byte

[2017-01-03 21:24:54,640] INFO     < 1532: 1624> Read file 3072 bytes: 
[2017-01-03 21:24:56,655] INFO     < 1532: 1624> Create file C:\Documents and Settings\Administrator\Local Settings\Application Data\15c51466c1e193ee81662d0a4a72dcb5\Skin.7z
[2017-01-03 21:24:59,108] ERROR    Exception 'utf8' codec can't decode byte 0xbc in position 2: invalid start byte in exit_hook of kernel32.dll.WriteFile()[0x7c810e17]:
 Traceback (most recent call last):
  File "C:\Documents and Settings\Administrator\....\source code\source code\Re\src\hook_context.py", line 253, in on_exit
    self.func.exit_hook(self, dbg)
  File "C:\Documents and Settings\Administrator\....\source code\source code\Re\src\hook_manager.py", line 482, in WriteFile_exit_hook
    info.save()
  File "C:\Documents and Settings\Administrator\....\source code\source code\Re\src\info.py", line 52, in save
    data_man.update(self.category,data,self.detail_info())
  File "C:\Documents and Settings\Administrator\....\source code\source code\Re\src\hook_manager.py", line 447, in detail_info
    return [unicode(self.data, "utf-8"),int(self.size)]
UnicodeDecodeError: 'utf8' codec can't decode byte 0xbc in position 2: invalid start byte

[2017-01-03 21:25:00,703] ERROR    Exception 'utf8' codec can't decode byte 0x89 in position 2: invalid start byte in exit_hook of kernel32.dll.WriteFile()[0x7c810e17]:
 Traceback (most recent call last):
  File "C:\Documents and Settings\Administrator\....\source code\source code\Re\src\hook_context.py", line 253, in on_exit
    self.func.exit_hook(self, dbg)
  File "C:\Documents and Settings\Administrator\....\source code\source code\Re\src\hook_manager.py", line 482, in WriteFile_exit_hook
    info.save()
  File "C:\Documents and Settings\Administrator\....\source code\source code\Re\src\info.py", line 52, in save
    data_man.update(self.category,data,self.detail_info())
  File "C:\Documents and Settings\Administrator\....\source code\source code\Re\src\hook_manager.py", line 447, in detail_info
    return [unicode(self.data, "utf-8"),int(self.size)]
UnicodeDecodeError: 'utf8' codec can't decode byte 0x89 in position 2: invalid start byte

[2017-01-03 21:25:01,171] INFO     < 1532: 1624> Create file C:\Documents and Settings\Administrator\Local Settings\Application Data\15c51466c1e193ee81662d0a4a72dcb5\CustomSkin\DefSkin.7z
[2017-01-03 21:25:02,062] INFO     < 1532: 1624> Load DLL \WINDOWS\system32\setupapi.dll
[2017-01-03 21:25:02,905] INFO     < 1532: 1624> Load DLL \WINDOWS\system32\clbcatq.dll
[2017-01-03 21:25:03,155] INFO     < 1532: 1624> Load DLL \WINDOWS\system32\comres.dll
[2017-01-03 21:25:03,390] INFO     < 1532: 1624> Load DLL \WINDOWS\system32\version.dll
[2017-01-03 21:25:03,858] INFO     < 1532: 1624> Load DLL \WINDOWS\system32\linkinfo.dll
[2017-01-03 21:25:04,092] INFO     < 1532: 1624> Load DLL \WINDOWS\system32\ntshrui.dll
[2017-01-03 21:25:04,217] INFO     < 1532: 1624> Load DLL \WINDOWS\system32\atl.dll
[2017-01-03 21:25:05,921] INFO     < 1532: 1624> Create process: NULL
[2017-01-03 21:25:05,967] INFO     < 2004: 1752> New process.. 
[2017-01-03 21:25:06,328] INFO     < 2004: 1752> Load DLL \WINDOWS\system32\ntdll.dll
[2017-01-03 21:25:07,608] INFO     < 1532: 1624> Register Open Key: 0x1ac =  HKEY_CURRENT_USER\Software\Microsoft\Windows\CurrentVersion\Explorer\CLSID\{0D5AF2B5-F3AE-4fb4-A7F9-0DC68E21E8B4}\VersionIndependentProgID 
[2017-01-03 21:25:07,842] INFO     < 2004: 1752> Load DLL \WINDOWS\system32\kernel32.dll
[2017-01-03 21:25:08,046] INFO     < 2004: 1752> Load DLL \WINDOWS\system32\user32.dll
[2017-01-03 21:25:08,187] INFO     < 2004: 1752> Load DLL \WINDOWS\system32\gdi32.dll
[2017-01-03 21:25:08,390] INFO     < 2004: 1752> Load DLL \WINDOWS\system32\ole32.dll
[2017-01-03 21:25:08,592] INFO     < 2004: 1752> Load DLL \WINDOWS\system32\advapi32.dll
[2017-01-03 21:25:08,812] INFO     < 2004: 1752> Load DLL \WINDOWS\system32\rpcrt4.dll
[2017-01-03 21:25:08,983] INFO     < 2004: 1752> Load DLL \WINDOWS\system32\secur32.dll
[2017-01-03 21:25:09,092] INFO     < 2004: 1752> Load DLL \WINDOWS\system32\msvcrt.dll
[2017-01-03 21:25:09,265] INFO     < 2004: 1752> Load DLL \WINDOWS\system32\oleaut32.dll
[2017-01-03 21:25:09,390] INFO     < 2004: 1752> Load DLL \WINDOWS\system32\shell32.dll
[2017-01-03 21:25:09,937] INFO     < 2004: 1752> Load DLL \WINDOWS\system32\shlwapi.dll
[2017-01-03 21:25:10,155] INFO     < 2004: 1752> Load DLL \WINDOWS\WinSxS\x86_Microsoft.Windows.Common-Controls_6595b64144ccf1df_6.0.2600.5512_x-ww_35d4ce83\comctl32.dll
[2017-01-03 21:25:10,358] INFO     < 2004: 1752> Load DLL \WINDOWS\system32\ws2_32.dll
[2017-01-03 21:25:10,578] INFO     < 2004: 1752> Load DLL \WINDOWS\system32\ws2help.dll
[2017-01-03 21:25:10,905] INFO     < 1532: 1624> Register set Key 18809FD5FC5BF3DEE8E752EB51ABA778 = 
[2017-01-03 21:25:11,125] INFO     < 2004: 1752> Load DLL \WINDOWS\system32\rasapi32.dll
[2017-01-03 21:25:11,342] INFO     < 2004: 1752> Load DLL \WINDOWS\system32\rasman.dll
[2017-01-03 21:25:11,858] INFO     < 2004: 1752> Load DLL \WINDOWS\system32\netapi32.dll
[2017-01-03 21:25:12,062] INFO     < 2004: 1752> Load DLL \WINDOWS\system32\tapi32.dll
[2017-01-03 21:25:12,217] INFO     < 2004: 1752> Load DLL \WINDOWS\system32\rtutils.dll
[2017-01-03 21:25:12,733] ERROR    Exception 'utf8' codec can't decode byte 0xc8 in position 29: invalid continuation byte in exit_hook of kernel32.dll.WriteFile()[0x7c810e17]:
 Traceback (most recent call last):
  File "C:\Documents and Settings\Administrator\....\source code\source code\Re\src\hook_context.py", line 253, in on_exit
    self.func.exit_hook(self, dbg)
  File "C:\Documents and Settings\Administrator\....\source code\source code\Re\src\hook_manager.py", line 482, in WriteFile_exit_hook
    info.save()
  File "C:\Documents and Settings\Administrator\....\source code\source code\Re\src\info.py", line 52, in save
    data_man.update(self.category,data,self.detail_info())
  File "C:\Documents and Settings\Administrator\....\source code\source code\Re\src\hook_manager.py", line 447, in detail_info
    return [unicode(self.data, "utf-8"),int(self.size)]
UnicodeDecodeError: 'utf8' codec can't decode byte 0xc8 in position 29: invalid continuation byte

[2017-01-03 21:25:12,905] INFO     < 2004: 1752> Load DLL \WINDOWS\system32\winmm.dll
[2017-01-03 21:25:12,967] INFO     < 1532: 1624> Exit process.. 
