[2017-03-22 10:53:25,596] INFO     < 2720: 3476> New process.. 
[2017-03-22 10:53:25,628] INFO     < 2720: 3476> Load DLL \WINDOWS\system32\ntdll.dll
[2017-03-22 10:53:25,644] INFO     < 2720: 3476> Load DLL \WINDOWS\system32\kernel32.dll
[2017-03-22 10:53:25,707] INFO     < 2720: 3476> Load DLL \WINDOWS\system32\user32.dll
[2017-03-22 10:53:25,721] INFO     < 2720: 3476> Load DLL \WINDOWS\system32\gdi32.dll
[2017-03-22 10:53:25,737] DEBUG    Pydbg breakpoint hits!
[2017-03-22 10:53:25,737] DEBUG    < 2720: 3476> [*] Pydbg first point at 0x7c92120f, HookPoints init...
[2017-03-22 10:53:25,737] ERROR    [!] Fail to hook ws2_32.dll.send()[0x71a24c27]: Failed setting breakpoint at 71a24c27
[2017-03-22 10:53:25,737] ERROR    [!] Fail to hook ws2_32.dll.WSASend()[0x71a268fa]: Failed setting breakpoint at 71a268fa
[2017-03-22 10:53:25,737] ERROR    [!] Fail to hook ws2_32.dll.recv()[0x71a2676f]: Failed setting breakpoint at 71a2676f
[2017-03-22 10:53:25,737] ERROR    [!] Fail to hook ws2_32.dll.WSARecv()[0x71a24cb5]: Failed setting breakpoint at 71a24cb5
[2017-03-22 10:53:25,753] ERROR    [!] Fail to hook winhttp.dll.WinHttpOpen()[0x4a41963e]: Failed setting breakpoint at 4a41963e
[2017-03-22 10:53:25,753] ERROR    [!] Fail to hook winhttp.dll.WinHttpConnect()[0x4a4199a5]: Failed setting breakpoint at 4a4199a5
[2017-03-22 10:53:25,753] ERROR    [!] Fail to hook winhttp.dll.WinHttpOpenRequest()[0x4a4337cc]: Failed setting breakpoint at 4a4337cc
[2017-03-22 10:53:25,769] ERROR    [!] Fail to hook winhttp.dll.WinHttpSendRequest()[0x4a420281]: Failed setting breakpoint at 4a420281
[2017-03-22 10:53:25,785] ERROR    [!] Fail to hook Advapi32.dll.RegOpenKeyExA()[0x77da7842]: Failed setting breakpoint at 77da7842
[2017-03-22 10:53:25,785] ERROR    [!] Fail to hook Advapi32.dll.RegOpenKeyExW()[0x77da6a9f]: Failed setting breakpoint at 77da6a9f
[2017-03-22 10:53:25,785] ERROR    [!] Fail to hook Advapi32.dll.RegCreateKeyExA()[0x77dae9e4]: Failed setting breakpoint at 77dae9e4
[2017-03-22 10:53:25,801] ERROR    [!] Fail to hook Advapi32.dll.RegCreateKeyExW()[0x77da775c]: Failed setting breakpoint at 77da775c
[2017-03-22 10:53:25,801] ERROR    [!] Fail to hook Advapi32.dll.RegSetValueExA()[0x77daead7]: Failed setting breakpoint at 77daead7
[2017-03-22 10:53:25,801] ERROR    [!] Fail to hook Advapi32.dll.RegSetValueExW()[0x77dad757]: Failed setting breakpoint at 77dad757
[2017-03-22 10:53:25,801] ERROR    [!] Fail to hook Advapi32.dll.RegQueryValueExA()[0x77da7aab]: Failed setting breakpoint at 77da7aab
[2017-03-22 10:53:25,801] ERROR    [!] Fail to hook Advapi32.dll.RegQueryValueExW()[0x77da6fef]: Failed setting breakpoint at 77da6fef
[2017-03-22 10:53:25,801] DEBUG    22 functions, 6 hook success.
[2017-03-22 10:53:25,815] INFO     < 2720: 3476> Load DLL \WINDOWS\system32\imm32.dll
[2017-03-22 10:53:25,846] INFO     < 2720: 3476> Load DLL \WINDOWS\system32\advapi32.dll
[2017-03-22 10:53:25,878] INFO     < 2720: 3476> Load DLL \WINDOWS\system32\rpcrt4.dll
[2017-03-22 10:53:25,894] INFO     < 2720: 3476> Load DLL \WINDOWS\system32\secur32.dll
[2017-03-22 10:53:25,926] INFO     < 2720: 3476> Load DLL \WINDOWS\system32\lpk.dll
[2017-03-22 10:53:26,440] INFO     < 2720: 3476> Load DLL \WINDOWS\system32\usp10.dll
[2017-03-22 10:53:26,535] INFO     < 2720: 3476> Load DLL \WINDOWS\system32\MSCTF.dll
[2017-03-22 10:53:26,551] INFO     < 2720: 3476> Load DLL \WINDOWS\system32\msvcrt.dll
[2017-03-22 10:53:26,582] INFO     < 2720: 3476> Load DLL \WINDOWS\system32\version.dll
[2017-03-22 10:53:26,628] INFO     < 2720: 3476> Unload DLL \WINDOWS\system32\version.dll 
[2017-03-22 10:53:26,676] INFO     < 2720: 3476> Load DLL \WINDOWS\system32\MSCTFIME.IME
[2017-03-22 10:53:26,690] INFO     < 2720: 3476> Load DLL \WINDOWS\system32\ole32.dll
[2017-03-22 10:53:29,019] INFO     < 2720: 3476> Exit process.. 
